Could not grab key 19 with modfield 8: the combination is already grabbed.
Could not grab key 19 with modfield 24: the combination is already grabbed.
Could not grab key 19 with modfield 10: the combination is already grabbed.
Could not grab key 19 with modfield 26: the combination is already grabbed.
Could not grab key 10 with modfield 8: the combination is already grabbed.
Could not grab key 10 with modfield 24: the combination is already grabbed.
Could not grab key 10 with modfield 10: the combination is already grabbed.
Could not grab key 10 with modfield 26: the combination is already grabbed.
Could not grab key 11 with modfield 8: the combination is already grabbed.
Could not grab key 11 with modfield 24: the combination is already grabbed.
Could not grab key 11 with modfield 10: the combination is already grabbed.
Could not grab key 11 with modfield 26: the combination is already grabbed.
Could not grab key 12 with modfield 8: the combination is already grabbed.
Could not grab key 12 with modfield 24: the combination is already grabbed.
Could not grab key 12 with modfield 10: the combination is already grabbed.
Could not grab key 12 with modfield 26: the combination is already grabbed.
Could not grab key 13 with modfield 8: the combination is already grabbed.
Could not grab key 13 with modfield 24: the combination is already grabbed.
Could not grab key 13 with modfield 10: the combination is already grabbed.
Could not grab key 13 with modfield 26: the combination is already grabbed.
Could not grab key 14 with modfield 8: the combination is already grabbed.
Could not grab key 14 with modfield 24: the combination is already grabbed.
Could not grab key 14 with modfield 10: the combination is already grabbed.
Could not grab key 14 with modfield 26: the combination is already grabbed.
Could not grab key 15 with modfield 8: the combination is already grabbed.
Could not grab key 15 with modfield 24: the combination is already grabbed.
Could not grab key 15 with modfield 10: the combination is already grabbed.
Could not grab key 15 with modfield 26: the combination is already grabbed.
Could not grab key 16 with modfield 8: the combination is already grabbed.
Could not grab key 16 with modfield 24: the combination is already grabbed.
Could not grab key 16 with modfield 10: the combination is already grabbed.
Could not grab key 16 with modfield 26: the combination is already grabbed.
Could not grab key 17 with modfield 8: the combination is already grabbed.
Could not grab key 17 with modfield 24: the combination is already grabbed.
Could not grab key 17 with modfield 10: the combination is already grabbed.
Could not grab key 17 with modfield 26: the combination is already grabbed.
Could not grab key 18 with modfield 8: the combination is already grabbed.
Could not grab key 18 with modfield 24: the combination is already grabbed.
Could not grab key 18 with modfield 10: the combination is already grabbed.
Could not grab key 18 with modfield 26: the combination is already grabbed.
Could not grab key 19 with modfield 9: the combination is already grabbed.
Could not grab key 19 with modfield 25: the combination is already grabbed.
Could not grab key 19 with modfield 11: the combination is already grabbed.
Could not grab key 19 with modfield 27: the combination is already grabbed.
Could not grab key 10 with modfield 9: the combination is already grabbed.
Could not grab key 10 with modfield 25: the combination is already grabbed.
Could not grab key 10 with modfield 11: the combination is already grabbed.
Could not grab key 10 with modfield 27: the combination is already grabbed.
Could not grab key 11 with modfield 9: the combination is already grabbed.
Could not grab key 11 with modfield 25: the combination is already grabbed.
Could not grab key 11 with modfield 11: the combination is already grabbed.
Could not grab key 11 with modfield 27: the combination is already grabbed.
Could not grab key 12 with modfield 9: the combination is already grabbed.
Could not grab key 12 with modfield 25: the combination is already grabbed.
Could not grab key 12 with modfield 11: the combination is already grabbed.
Could not grab key 12 with modfield 27: the combination is already grabbed.
Could not grab key 13 with modfield 9: the combination is already grabbed.
Could not grab key 13 with modfield 25: the combination is already grabbed.
Could not grab key 13 with modfield 11: the combination is already grabbed.
Could not grab key 13 with modfield 27: the combination is already grabbed.
Could not grab key 14 with modfield 9: the combination is already grabbed.
Could not grab key 14 with modfield 25: the combination is already grabbed.
Could not grab key 14 with modfield 11: the combination is already grabbed.
Could not grab key 14 with modfield 27: the combination is already grabbed.
Could not grab key 15 with modfield 9: the combination is already grabbed.
Could not grab key 15 with modfield 25: the combination is already grabbed.
Could not grab key 15 with modfield 11: the combination is already grabbed.
Could not grab key 15 with modfield 27: the combination is already grabbed.
Could not grab key 16 with modfield 9: the combination is already grabbed.
Could not grab key 16 with modfield 25: the combination is already grabbed.
Could not grab key 16 with modfield 11: the combination is already grabbed.
Could not grab key 16 with modfield 27: the combination is already grabbed.
Could not grab key 17 with modfield 9: the combination is already grabbed.
Could not grab key 17 with modfield 25: the combination is already grabbed.
Could not grab key 17 with modfield 11: the combination is already grabbed.
Could not grab key 17 with modfield 27: the combination is already grabbed.
Could not grab key 18 with modfield 9: the combination is already grabbed.
Could not grab key 18 with modfield 25: the combination is already grabbed.
Could not grab key 18 with modfield 11: the combination is already grabbed.
Could not grab key 18 with modfield 27: the combination is already grabbed.
Could not grab key 113 with modfield 8: the combination is already grabbed.
Could not grab key 113 with modfield 24: the combination is already grabbed.
Could not grab key 113 with modfield 10: the combination is already grabbed.
Could not grab key 113 with modfield 26: the combination is already grabbed.
Could not grab key 114 with modfield 8: the combination is already grabbed.
Could not grab key 114 with modfield 24: the combination is already grabbed.
Could not grab key 114 with modfield 10: the combination is already grabbed.
Could not grab key 114 with modfield 26: the combination is already grabbed.
Could not grab key 116 with modfield 8: the combination is already grabbed.
Could not grab key 116 with modfield 24: the combination is already grabbed.
Could not grab key 116 with modfield 10: the combination is already grabbed.
Could not grab key 116 with modfield 26: the combination is already grabbed.
Could not grab key 111 with modfield 8: the combination is already grabbed.
Could not grab key 111 with modfield 24: the combination is already grabbed.
Could not grab key 111 with modfield 10: the combination is already grabbed.
Could not grab key 111 with modfield 26: the combination is already grabbed.
Could not grab key 113 with modfield 12: the combination is already grabbed.
Could not grab key 113 with modfield 28: the combination is already grabbed.
Could not grab key 113 with modfield 14: the combination is already grabbed.
Could not grab key 113 with modfield 30: the combination is already grabbed.
Could not grab key 114 with modfield 12: the combination is already grabbed.
Could not grab key 114 with modfield 28: the combination is already grabbed.
Could not grab key 114 with modfield 14: the combination is already grabbed.
Could not grab key 114 with modfield 30: the combination is already grabbed.
Could not grab key 113 with modfield 9: the combination is already grabbed.
Could not grab key 113 with modfield 25: the combination is already grabbed.
Could not grab key 113 with modfield 11: the combination is already grabbed.
Could not grab key 113 with modfield 27: the combination is already grabbed.
Could not grab key 116 with modfield 9: the combination is already grabbed.
Could not grab key 116 with modfield 25: the combination is already grabbed.
Could not grab key 116 with modfield 11: the combination is already grabbed.
Could not grab key 116 with modfield 27: the combination is already grabbed.
Could not grab key 111 with modfield 9: the combination is already grabbed.
Could not grab key 111 with modfield 25: the combination is already grabbed.
Could not grab key 111 with modfield 11: the combination is already grabbed.
Could not grab key 111 with modfield 27: the combination is already grabbed.
Could not grab key 114 with modfield 9: the combination is already grabbed.
Could not grab key 114 with modfield 25: the combination is already grabbed.
Could not grab key 114 with modfield 11: the combination is already grabbed.
Could not grab key 114 with modfield 27: the combination is already grabbed.
Could not grab key 113 with modfield 64: the combination is already grabbed.
Could not grab key 113 with modfield 80: the combination is already grabbed.
Could not grab key 113 with modfield 66: the combination is already grabbed.
Could not grab key 113 with modfield 82: the combination is already grabbed.
Could not grab key 111 with modfield 64: the combination is already grabbed.
Could not grab key 111 with modfield 80: the combination is already grabbed.
Could not grab key 111 with modfield 66: the combination is already grabbed.
Could not grab key 111 with modfield 82: the combination is already grabbed.
Could not grab key 116 with modfield 64: the combination is already grabbed.
Could not grab key 116 with modfield 80: the combination is already grabbed.
Could not grab key 116 with modfield 66: the combination is already grabbed.
Could not grab key 116 with modfield 82: the combination is already grabbed.
Could not grab key 114 with modfield 64: the combination is already grabbed.
Could not grab key 114 with modfield 80: the combination is already grabbed.
Could not grab key 114 with modfield 66: the combination is already grabbed.
Could not grab key 114 with modfield 82: the combination is already grabbed.
Could not grab key 113 with modfield 65: the combination is already grabbed.
Could not grab key 113 with modfield 81: the combination is already grabbed.
Could not grab key 113 with modfield 67: the combination is already grabbed.
Could not grab key 113 with modfield 83: the combination is already grabbed.
Could not grab key 111 with modfield 65: the combination is already grabbed.
Could not grab key 111 with modfield 81: the combination is already grabbed.
Could not grab key 111 with modfield 67: the combination is already grabbed.
Could not grab key 111 with modfield 83: the combination is already grabbed.
Could not grab key 116 with modfield 65: the combination is already grabbed.
Could not grab key 116 with modfield 81: the combination is already grabbed.
Could not grab key 116 with modfield 67: the combination is already grabbed.
Could not grab key 116 with modfield 83: the combination is already grabbed.
Could not grab key 114 with modfield 65: the combination is already grabbed.
Could not grab key 114 with modfield 81: the combination is already grabbed.
Could not grab key 114 with modfield 67: the combination is already grabbed.
Could not grab key 114 with modfield 83: the combination is already grabbed.
Could not grab key 41 with modfield 8: the combination is already grabbed.
Could not grab key 41 with modfield 24: the combination is already grabbed.
Could not grab key 41 with modfield 10: the combination is already grabbed.
Could not grab key 41 with modfield 26: the combination is already grabbed.
Could not grab key 65 with modfield 9: the combination is already grabbed.
Could not grab key 65 with modfield 25: the combination is already grabbed.
Could not grab key 65 with modfield 11: the combination is already grabbed.
Could not grab key 65 with modfield 27: the combination is already grabbed.
Could not grab key 24 with modfield 9: the combination is already grabbed.
Could not grab key 24 with modfield 25: the combination is already grabbed.
Could not grab key 24 with modfield 11: the combination is already grabbed.
Could not grab key 24 with modfield 27: the combination is already grabbed.
Could not grab key 27 with modfield 9: the combination is already grabbed.
Could not grab key 27 with modfield 25: the combination is already grabbed.
Could not grab key 27 with modfield 11: the combination is already grabbed.
Could not grab key 27 with modfield 27: the combination is already grabbed.
Could not grab key 53 with modfield 9: the combination is already grabbed.
Could not grab key 53 with modfield 25: the combination is already grabbed.
Could not grab key 53 with modfield 11: the combination is already grabbed.
Could not grab key 53 with modfield 27: the combination is already grabbed.
Could not grab key 40 with modfield 8: the combination is already grabbed.
Could not grab key 40 with modfield 24: the combination is already grabbed.
Could not grab key 40 with modfield 10: the combination is already grabbed.
Could not grab key 40 with modfield 26: the combination is already grabbed.
Could not grab key 27 with modfield 8: the combination is already grabbed.
Could not grab key 27 with modfield 24: the combination is already grabbed.
Could not grab key 27 with modfield 10: the combination is already grabbed.
Could not grab key 27 with modfield 26: the combination is already grabbed.
Could not grab key 75 with modfield 8: the combination is already grabbed.
Could not grab key 75 with modfield 24: the combination is already grabbed.
Could not grab key 75 with modfield 10: the combination is already grabbed.
Could not grab key 75 with modfield 26: the combination is already grabbed.
Could not grab key 76 with modfield 8: the combination is already grabbed.
Could not grab key 76 with modfield 24: the combination is already grabbed.
Could not grab key 76 with modfield 10: the combination is already grabbed.
Could not grab key 76 with modfield 26: the combination is already grabbed.
Could not grab key 28 with modfield 8: the combination is already grabbed.
Could not grab key 28 with modfield 24: the combination is already grabbed.
Could not grab key 28 with modfield 10: the combination is already grabbed.
Could not grab key 28 with modfield 26: the combination is already grabbed.
Could not grab key 25 with modfield 8: the combination is already grabbed.
Could not grab key 25 with modfield 24: the combination is already grabbed.
Could not grab key 25 with modfield 10: the combination is already grabbed.
Could not grab key 25 with modfield 26: the combination is already grabbed.
Could not grab key 67 with modfield 9: the combination is already grabbed.
Could not grab key 67 with modfield 25: the combination is already grabbed.
Could not grab key 67 with modfield 11: the combination is already grabbed.
Could not grab key 67 with modfield 27: the combination is already grabbed.
Could not grab key 68 with modfield 9: the combination is already grabbed.
Could not grab key 68 with modfield 25: the combination is already grabbed.
Could not grab key 68 with modfield 11: the combination is already grabbed.
Could not grab key 68 with modfield 27: the combination is already grabbed.
Could not grab key 69 with modfield 9: the combination is already grabbed.
Could not grab key 69 with modfield 25: the combination is already grabbed.
Could not grab key 69 with modfield 11: the combination is already grabbed.
Could not grab key 69 with modfield 27: the combination is already grabbed.
Could not grab key 28 with modfield 12: the combination is already grabbed.
Could not grab key 28 with modfield 28: the combination is already grabbed.
Could not grab key 28 with modfield 14: the combination is already grabbed.
Could not grab key 28 with modfield 30: the combination is already grabbed.
Could not grab key 57 with modfield 12: the combination is already grabbed.
Could not grab key 57 with modfield 28: the combination is already grabbed.
Could not grab key 57 with modfield 14: the combination is already grabbed.
Could not grab key 57 with modfield 30: the combination is already grabbed.
Could not grab key 58 with modfield 12: the combination is already grabbed.
Could not grab key 58 with modfield 28: the combination is already grabbed.
Could not grab key 58 with modfield 14: the combination is already grabbed.
Could not grab key 58 with modfield 30: the combination is already grabbed.
Could not grab key 27 with modfield 12: the combination is already grabbed.
Could not grab key 27 with modfield 28: the combination is already grabbed.
Could not grab key 27 with modfield 14: the combination is already grabbed.
Could not grab key 27 with modfield 30: the combination is already grabbed.
Could not grab key 42 with modfield 12: the combination is already grabbed.
Could not grab key 42 with modfield 28: the combination is already grabbed.
Could not grab key 42 with modfield 14: the combination is already grabbed.
Could not grab key 42 with modfield 30: the combination is already grabbed.
Could not grab key 41 with modfield 12: the combination is already grabbed.
Could not grab key 41 with modfield 28: the combination is already grabbed.
Could not grab key 41 with modfield 14: the combination is already grabbed.
Could not grab key 41 with modfield 30: the combination is already grabbed.
Could not grab key 25 with modfield 12: the combination is already grabbed.
Could not grab key 25 with modfield 28: the combination is already grabbed.
Could not grab key 25 with modfield 14: the combination is already grabbed.
Could not grab key 25 with modfield 30: the combination is already grabbed.
Could not grab key 233 with modfield 0: the combination is already grabbed.
Could not grab key 233 with modfield 16: the combination is already grabbed.
Could not grab key 233 with modfield 2: the combination is already grabbed.
Could not grab key 233 with modfield 18: the combination is already grabbed.
Could not grab key 232 with modfield 0: the combination is already grabbed.
Could not grab key 232 with modfield 16: the combination is already grabbed.
Could not grab key 232 with modfield 2: the combination is already grabbed.
Could not grab key 232 with modfield 18: the combination is already grabbed.
Could not grab key 107 with modfield 0: the combination is already grabbed.
Could not grab key 107 with modfield 16: the combination is already grabbed.
Could not grab key 107 with modfield 2: the combination is already grabbed.
Could not grab key 107 with modfield 18: the combination is already grabbed.
Could not grab key 218 with modfield 0: the combination is already grabbed.
Could not grab key 218 with modfield 16: the combination is already grabbed.
Could not grab key 218 with modfield 2: the combination is already grabbed.
Could not grab key 218 with modfield 18: the combination is already grabbed.
Could not grab key 107 with modfield 1: the combination is already grabbed.
Could not grab key 107 with modfield 17: the combination is already grabbed.
Could not grab key 107 with modfield 3: the combination is already grabbed.
Could not grab key 107 with modfield 19: the combination is already grabbed.
Could not grab key 218 with modfield 1: the combination is already grabbed.
Could not grab key 218 with modfield 17: the combination is already grabbed.
Could not grab key 218 with modfield 3: the combination is already grabbed.
Could not grab key 218 with modfield 19: the combination is already grabbed.
Could not grab key 122 with modfield 0: the combination is already grabbed.
Could not grab key 122 with modfield 16: the combination is already grabbed.
Could not grab key 122 with modfield 2: the combination is already grabbed.
Could not grab key 122 with modfield 18: the combination is already grabbed.
Could not grab key 123 with modfield 0: the combination is already grabbed.
Could not grab key 123 with modfield 16: the combination is already grabbed.
Could not grab key 123 with modfield 2: the combination is already grabbed.
Could not grab key 123 with modfield 18: the combination is already grabbed.
Could not grab key 121 with modfield 0: the combination is already grabbed.
Could not grab key 121 with modfield 16: the combination is already grabbed.
Could not grab key 121 with modfield 2: the combination is already grabbed.
Could not grab key 121 with modfield 18: the combination is already grabbed.
Could not grab key 198 with modfield 0: the combination is already grabbed.
Could not grab key 198 with modfield 16: the combination is already grabbed.
Could not grab key 198 with modfield 2: the combination is already grabbed.
Could not grab key 198 with modfield 18: the combination is already grabbed.
Could not grab key 59 with modfield 8: the combination is already grabbed.
Could not grab key 59 with modfield 24: the combination is already grabbed.
Could not grab key 59 with modfield 10: the combination is already grabbed.
Could not grab key 59 with modfield 26: the combination is already grabbed.
Could not grab key 60 with modfield 8: the combination is already grabbed.
Could not grab key 60 with modfield 24: the combination is already grabbed.
Could not grab key 60 with modfield 10: the combination is already grabbed.
Could not grab key 60 with modfield 26: the combination is already grabbed.
Could not grab key 60 with modfield 9: the combination is already grabbed.
Could not grab key 60 with modfield 25: the combination is already grabbed.
Could not grab key 60 with modfield 11: the combination is already grabbed.
Could not grab key 60 with modfield 27: the combination is already grabbed.
Could not grab key 94 with modfield 9: the combination is already grabbed.
Could not grab key 94 with modfield 25: the combination is already grabbed.
Could not grab key 94 with modfield 11: the combination is already grabbed.
Could not grab key 94 with modfield 27: the combination is already grabbed.
Could not grab key 59 with modfield 9: the combination is already grabbed.
Could not grab key 59 with modfield 25: the combination is already grabbed.
Could not grab key 59 with modfield 11: the combination is already grabbed.
Could not grab key 59 with modfield 27: the combination is already grabbed.
Could not grab key 94 with modfield 8: the combination is already grabbed.
Could not grab key 94 with modfield 24: the combination is already grabbed.
Could not grab key 94 with modfield 10: the combination is already grabbed.
Could not grab key 94 with modfield 26: the combination is already grabbed.
Could not grab key 26 with modfield 8: the combination is already grabbed.
Could not grab key 26 with modfield 24: the combination is already grabbed.
Could not grab key 26 with modfield 10: the combination is already grabbed.
Could not grab key 26 with modfield 26: the combination is already grabbed.
Could not grab key 20 with modfield 8: the combination is already grabbed.
Could not grab key 20 with modfield 24: the combination is already grabbed.
Could not grab key 20 with modfield 10: the combination is already grabbed.
Could not grab key 20 with modfield 26: the combination is already grabbed.
Could not grab key 61 with modfield 136: the combination is already grabbed.
Could not grab key 61 with modfield 152: the combination is already grabbed.
Could not grab key 61 with modfield 138: the combination is already grabbed.
Could not grab key 61 with modfield 154: the combination is already grabbed.
Could not grab key 20 with modfield 136: the combination is already grabbed.
Could not grab key 20 with modfield 152: the combination is already grabbed.
Could not grab key 20 with modfield 138: the combination is already grabbed.
Could not grab key 20 with modfield 154: the combination is already grabbed.
Could not grab key 21 with modfield 8: the combination is already grabbed.
Could not grab key 21 with modfield 24: the combination is already grabbed.
Could not grab key 21 with modfield 10: the combination is already grabbed.
Could not grab key 21 with modfield 26: the combination is already grabbed.
Could not grab key 41 with modfield 64: the combination is already grabbed.
Could not grab key 41 with modfield 80: the combination is already grabbed.
Could not grab key 41 with modfield 66: the combination is already grabbed.
Could not grab key 41 with modfield 82: the combination is already grabbed.
Could not grab key 57 with modfield 64: the combination is already grabbed.
Could not grab key 57 with modfield 80: the combination is already grabbed.
Could not grab key 57 with modfield 66: the combination is already grabbed.
Could not grab key 57 with modfield 82: the combination is already grabbed.
Could not grab key 38 with modfield 64: the combination is already grabbed.
Could not grab key 38 with modfield 80: the combination is already grabbed.
Could not grab key 38 with modfield 66: the combination is already grabbed.
Could not grab key 38 with modfield 82: the combination is already grabbed.
Could not grab key 33 with modfield 64: the combination is already grabbed.
Could not grab key 33 with modfield 80: the combination is already grabbed.
Could not grab key 33 with modfield 66: the combination is already grabbed.
Could not grab key 33 with modfield 82: the combination is already grabbed.
Could not grab key 42 with modfield 64: the combination is already grabbed.
Could not grab key 42 with modfield 80: the combination is already grabbed.
Could not grab key 42 with modfield 66: the combination is already grabbed.
Could not grab key 42 with modfield 82: the combination is already grabbed.
Could not grab key 26 with modfield 64: the combination is already grabbed.
Could not grab key 26 with modfield 80: the combination is already grabbed.
Could not grab key 26 with modfield 66: the combination is already grabbed.
Could not grab key 26 with modfield 82: the combination is already grabbed.
Could not grab key 54 with modfield 64: the combination is already grabbed.
Could not grab key 54 with modfield 80: the combination is already grabbed.
Could not grab key 54 with modfield 66: the combination is already grabbed.
Could not grab key 54 with modfield 82: the combination is already grabbed.
Could not grab key 45 with modfield 64: the combination is already grabbed.
Could not grab key 45 with modfield 80: the combination is already grabbed.
Could not grab key 45 with modfield 66: the combination is already grabbed.
Could not grab key 45 with modfield 82: the combination is already grabbed.
Could not grab key 46 with modfield 64: the combination is already grabbed.
Could not grab key 46 with modfield 80: the combination is already grabbed.
Could not grab key 46 with modfield 66: the combination is already grabbed.
Could not grab key 46 with modfield 82: the combination is already grabbed.
No USB drive or Android device detected
No drives to unmount.
No drives to unmount.
WARNING: No icon found in path: 'dialog-information'
WARNING: No icon found in path: 'dialog-information'
WARNING: No icon found in path: 'dialog-information'
WARNING: BadWindow (invalid Window parameter)
WARNING: BadWindow (invalid Window parameter)
WARNING: BadWindow (invalid Window parameter)
WARNING: BadWindow (invalid Window parameter)
WARNING: BadWindow (invalid Window parameter)
WARNING: BadAccess (attempt to access private resource denied)
WARNING: BadAccess (attempt to access private resource denied)
WARNING: Unable to grab key 'ctrl+grave'.
CRITICAL: Cannot acquire 'org.freedesktop.Notifications': Name is acquired by 'dunst' with PID '372470'.
WARNING: No icon found in path: 'dialog-information'
XIO:  fatal IO error 11 (Resource temporarily unavailable) on X server ":0"
      after 6656 requests (6656 known processed) with 22 events remaining.
